Started GET "/" for ::1 at 2025-03-05 22:44:26 +0100
  [1m[35m (1.0ms)[0m  [1m[34mSELECT sqlite_version(*)[0m
Processing by HomeController#index as HTML
  Rendering layout layouts/application.html.erb
  Rendering home/index.html.erb within layouts/application
  Rendered home/index.html.erb within layouts/application (Duration: 5.5ms | Allocations: 1215)
[Webpacker] Compiling...
[Webpacker] Compilation failed:
yarn run v1.22.22
info Visit https://yarnpkg.com/en/docs/cli/run for documentation about this command.


error Command "webpack" not found.

  Rendered layout layouts/application.html.erb (Duration: 703.9ms | Allocations: 22570)
Completed 500 Internal Server Error in 1059ms (ActiveRecord: 0.0ms | Allocations: 27761)


  
ActionView::Template::Error (Webpacker can't find application.js in /Users/alessandro/Desktop/Guardalo/guardalo_server/public/packs/manifest.json. Possible causes:
1. You want to set webpacker.yml value of compile to true for your environment
   unless you are using the `webpack -w` or the webpack-dev-server.
2. webpack has not yet re-run to reflect updates.
3. You have misconfigured Webpacker's config/webpacker.yml file.
4. Your webpack configuration is not creating a manifest.
Your manifest contains:
{
}
):
     7:     <%= csp_meta_tag %>
     8: 
     9:     <%= stylesheet_link_tag 'application', media: 'all', 'data-turbolinks-track': 'reload' %>
    10:     <%= javascript_pack_tag 'application', 'data-turbolinks-track': 'reload' %>
    11:   </head>
    12: 
    13:   <body>
  
app/views/layouts/application.html.erb:10
Started GET "/" for ::1 at 2025-03-05 22:46:14 +0100
Processing by HomeController#index as HTML
  Rendering layout layouts/application.html.erb
  Rendering home/index.html.erb within layouts/application
  Rendered home/index.html.erb within layouts/application (Duration: 3.5ms | Allocations: 980)
  Rendered layout layouts/application.html.erb (Duration: 10.2ms | Allocations: 2769)
Completed 200 OK in 280ms (Views: 16.6ms | ActiveRecord: 0.0ms | Allocations: 5365)


Started GET "/movies/939243" for ::1 at 2025-03-05 22:46:15 +0100
Processing by MoviesController#show as HTML
  Parameters: {"id"=>"939243"}
  Rendering layout layouts/application.html.erb
  Rendering movies/show.html.erb within layouts/application
  Rendered movies/show.html.erb within layouts/application (Duration: 1.7ms | Allocations: 365)
  Rendered layout layouts/application.html.erb (Duration: 6.1ms | Allocations: 1835)
Completed 200 OK in 359ms (Views: 9.5ms | ActiveRecord: 0.0ms | Allocations: 5854)


Started GET "/" for ::1 at 2025-03-05 22:46:19 +0100
Processing by HomeController#index as HTML
  Rendering layout layouts/application.html.erb
  Rendering home/index.html.erb within layouts/application
  Rendered home/index.html.erb within layouts/application (Duration: 3.1ms | Allocations: 705)
  Rendered layout layouts/application.html.erb (Duration: 18.1ms | Allocations: 2188)
Completed 200 OK in 231ms (Views: 19.5ms | ActiveRecord: 0.0ms | Allocations: 3929)


Started GET "/movies/1064213" for ::1 at 2025-03-05 22:46:21 +0100
Processing by MoviesController#show as HTML
  Parameters: {"id"=>"1064213"}
  Rendering layout layouts/application.html.erb
  Rendering movies/show.html.erb within layouts/application
  Rendered movies/show.html.erb within layouts/application (Duration: 0.2ms | Allocations: 47)
  Rendered layout layouts/application.html.erb (Duration: 3.1ms | Allocations: 1513)
Completed 200 OK in 311ms (Views: 3.8ms | ActiveRecord: 0.0ms | Allocations: 4666)


Started GET "/" for ::1 at 2025-03-05 22:46:23 +0100
Processing by HomeController#index as HTML
  Rendering layout layouts/application.html.erb
  Rendering home/index.html.erb within layouts/application
  Rendered home/index.html.erb within layouts/application (Duration: 2.1ms | Allocations: 701)
  Rendered layout layouts/application.html.erb (Duration: 7.1ms | Allocations: 2167)
Completed 200 OK in 214ms (Views: 9.8ms | ActiveRecord: 0.0ms | Allocations: 3898)


Started GET "/movies/762509" for ::1 at 2025-03-05 22:46:25 +0100
Processing by MoviesController#show as HTML
  Parameters: {"id"=>"762509"}
  Rendering layout layouts/application.html.erb
  Rendering movies/show.html.erb within layouts/application
  Rendered movies/show.html.erb within layouts/application (Duration: 0.2ms | Allocations: 46)
  Rendered layout layouts/application.html.erb (Duration: 3.7ms | Allocations: 1514)
Completed 200 OK in 360ms (Views: 4.5ms | ActiveRecord: 0.0ms | Allocations: 4655)


Started GET "/" for ::1 at 2025-03-05 22:46:27 +0100
Processing by HomeController#index as HTML
  Rendering layout layouts/application.html.erb
  Rendering home/index.html.erb within layouts/application
  Rendered home/index.html.erb within layouts/application (Duration: 2.4ms | Allocations: 701)
  Rendered layout layouts/application.html.erb (Duration: 8.0ms | Allocations: 2167)
Completed 200 OK in 226ms (Views: 9.4ms | ActiveRecord: 0.0ms | Allocations: 3900)


Started GET "/movies/933260" for ::1 at 2025-03-05 22:46:29 +0100
Processing by MoviesController#show as HTML
  Parameters: {"id"=>"933260"}
  Rendering layout layouts/application.html.erb
  Rendering movies/show.html.erb within layouts/application
  Rendered movies/show.html.erb within layouts/application (Duration: 0.3ms | Allocations: 52)
  Rendered layout layouts/application.html.erb (Duration: 4.1ms | Allocations: 1518)
Completed 200 OK in 316ms (Views: 5.2ms | ActiveRecord: 0.0ms | Allocations: 4981)


Started GET "/" for ::1 at 2025-03-05 22:46:32 +0100
Processing by HomeController#index as HTML
  Rendering layout layouts/application.html.erb
  Rendering home/index.html.erb within layouts/application
  Rendered home/index.html.erb within layouts/application (Duration: 2.1ms | Allocations: 701)
  Rendered layout layouts/application.html.erb (Duration: 7.4ms | Allocations: 2167)
Completed 200 OK in 225ms (Views: 8.7ms | ActiveRecord: 0.0ms | Allocations: 3898)


